=> set cuda device = 0
[2, 5, 8, 11, 14, 17, 20, 23]
[0, 3, 6, 9, 12, 15, 18, 21]
[1, 4, 7, 10, 13, 16, 19, 22]
=> model params: 335174458
(tensor([[[-0.1382,  0.2323, -0.1465,  ..., -0.5130, -0.4558, -0.1173],
         [-0.6970, -0.0472, -0.5410,  ..., -0.5439, -0.3603,  0.3487],
         [ 0.0170,  0.0276, -0.0270,  ...,  0.1523, -0.9463, -0.6451],
         ...,
         [-0.5103,  0.5150,  0.1246,  ...,  0.3348, -0.7095, -0.4726],
         [ 0.1664,  0.5975,  0.8315,  ...,  0.8121,  0.0117,  0.2610],
         [-0.6276,  0.7886, -0.4892,  ...,  1.8398,  0.2950, -0.9641]],

        [[-0.5546,  0.0390,  0.1311,  ...,  0.3642, -0.4641, -0.3404],
         [-0.3014, -0.0705, -0.1466,  ..., -0.0991,  0.1834,  0.9202],
         [-0.0381,  0.3629, -0.3354,  ..., -0.1000, -0.3063,  0.1135],
         ...,
         [-0.2106,  0.9121, -0.2386,  ...,  1.0345,  0.0049, -0.2202],
         [ 0.2008,  0.9740, -0.0784,  ...,  1.0537,  0.1174, -0.7059],
         [-0.0747,  0.0097,  0.0924,  ...,  1.0717,  0.0607, -0.6231]],

        [[-0.2926, -0.0162,  0.3277,  ...,  0.1965, -0.0556, -0.5802],
         [-0.2820,  0.0127, -0.5699,  ..., -0.3225, -0.5323, -0.0948],
         [-0.5278, -0.0032, -0.2885,  ...,  0.0166, -0.3790, -0.5833],
         ...,
         [-0.0603,  0.7533,  0.4946,  ...,  0.7579, -0.1269, -0.4621],
         [-0.1472,  0.6500,  0.5539,  ...,  1.5762,  0.4269, -1.1728],
         [-0.4566,  0.3560, -0.7527,  ...,  1.4721, -0.5496, -0.9626]],

        ...,

        [[ 0.3672, -0.1221,  0.4017,  ...,  0.1655, -0.7761, -0.2171],
         [ 0.4481,  0.2586, -0.1296,  ..., -0.5500,  0.4473, -0.2718],
         [-0.1078, -0.4147, -0.4982,  ...,  0.4970, -0.3098, -0.4819],
         ...,
         [-0.3092,  0.5134, -0.4654,  ...,  0.9745, -0.2189, -0.5454],
         [ 0.5478,  0.4062,  0.5439,  ...,  1.1887, -0.0326, -0.2611],
         [-0.2859,  0.7659, -0.6300,  ...,  1.4858, -0.4038, -0.9640]],

        [[-0.5390,  0.6605,  0.4358,  ..., -0.2143,  0.0422,  0.0024],
         [-0.1414,  0.2206, -0.3995,  ..., -0.7877,  0.2405,  0.4315],
         [-0.2806,  0.7252, -0.0771,  ...,  0.0217,  0.3526, -0.7597],
         ...,
         [-0.1081,  0.2937,  0.7549,  ...,  0.8891, -0.4023, -0.5086],
         [ 0.7954,  0.7377,  0.3153,  ...,  1.0509,  0.0469, -0.0836],
         [-0.7946,  0.1583, -0.4586,  ...,  0.8771, -0.1007, -0.7901]],

        [[ 0.6354,  0.0043,  0.0320,  ..., -0.0941, -0.5153, -0.3819],
         [-0.4890,  0.5551, -0.4449,  ..., -0.5008,  0.1000,  0.3317],
         [-0.1681, -0.0680, -0.7937,  ...,  0.1385, -0.0576, -0.6342],
         ...,
         [ 0.1901,  0.6417, -0.0071,  ...,  0.8928,  0.1942, -0.3587],
         [ 1.0095, -1.2593, -0.8364,  ..., -0.8884,  0.0780,  0.1445],
         [ 1.1289, -0.5448, -0.8169,  ..., -0.9558,  0.4988,  0.5736]]],
       device='cuda:0'),)
sequence output shape torch.Size([32, 512, 1024])
Test: [0/2]	Time  1.314 ( 1.314)
end_max: 3141646848
end_now 3006380544
(tensor([[[-3.9962e-01,  3.8074e-01,  2.6508e-02,  ...,  1.2378e+00,
           4.5549e-01,  7.7668e-01],
         [-4.1949e-01,  3.5814e-01,  1.6649e-01,  ...,  8.6608e-01,
           7.7837e-02,  5.0104e-01],
         [-5.7574e-02,  1.4415e-01,  2.3375e-01,  ...,  8.0323e-01,
          -1.5221e+00, -1.3100e-01],
         ...,
         [-8.3838e-01,  5.6723e-01,  1.2331e+00,  ...,  9.3334e-01,
          -3.2134e-01,  1.0050e+00],
         [-4.9567e-01,  7.1871e-01,  5.2990e-01,  ...,  3.8645e-01,
          -3.7284e-01,  2.5569e-01],
         [-1.7252e+00, -2.3545e-01, -5.0932e-01,  ...,  4.3216e-01,
           2.2853e-01,  1.0636e+00]],

        [[-1.1533e+00, -8.1202e-01,  2.2147e-01,  ...,  8.1743e-01,
           1.2321e+00,  2.4547e-01],
         [-3.1003e-01, -5.4867e-01, -1.5511e-01,  ...,  9.8926e-01,
           4.6813e-01,  1.0893e+00],
         [-1.2405e-01, -3.2841e-01, -2.4940e-01,  ...,  1.4186e+00,
          -1.5707e+00,  4.6101e-01],
         ...,
         [-9.5898e-01, -5.8597e-01, -4.2614e-01,  ...,  6.5448e-01,
          -5.2966e-01,  3.4145e-01],
         [-1.3115e-01,  8.3600e-01, -2.0138e-01,  ..., -4.2317e-01,
          -7.7864e-01,  3.3329e-01],
         [-2.2038e+00, -8.3254e-02,  4.3512e-01,  ...,  1.9497e+00,
           1.6635e-01,  7.8987e-01]],

        [[-6.5130e-01, -3.8634e-01,  1.0701e+00,  ..., -2.5138e-01,
           1.4037e+00,  8.0852e-01],
         [-3.1129e-02, -1.7628e-01, -3.4233e-01,  ...,  5.6697e-02,
          -2.6012e-01,  9.9698e-01],
         [-6.5606e-01, -5.2980e-01, -1.3937e+00,  ...,  1.0280e+00,
          -1.3927e-01, -5.4273e-01],
         ...,
         [-2.6611e-01, -1.3219e-01,  1.7247e+00,  ...,  5.2820e-01,
          -5.0010e-01,  1.5739e+00],
         [-1.3361e-01, -7.5471e-02, -3.1556e-01,  ...,  4.5518e-01,
          -9.9984e-01,  7.4276e-01],
         [-1.3297e+00, -4.1536e-01, -2.7066e-01,  ...,  1.5348e+00,
           8.5512e-01,  1.2021e+00]],

        ...,

        [[-1.2717e+00, -8.5852e-01, -1.8081e-01,  ..., -7.1635e-01,
           1.0762e+00,  7.1225e-01],
         [ 1.9147e-01, -4.2538e-01, -3.1239e-01,  ...,  2.6198e-01,
           3.2738e-02,  1.0797e+00],
         [ 2.5900e-01, -1.2003e-01,  2.3858e-01,  ...,  3.9137e-01,
          -8.1754e-01, -1.4465e-01],
         ...,
         [-6.5556e-01, -3.3873e-01,  9.6051e-01,  ...,  1.1956e+00,
          -3.9860e-01,  6.8095e-01],
         [ 3.5110e-01, -7.4068e-02, -4.3649e-02,  ...,  8.9684e-01,
          -9.1460e-01,  1.0091e+00],
         [-1.8359e+00,  2.0951e-01, -7.3641e-01,  ...,  1.9529e+00,
           5.9106e-02,  9.8423e-01]],

        [[-8.6384e-01,  3.5843e-01,  4.1121e-01,  ..., -1.0358e+00,
           1.1865e+00,  2.2453e-01],
         [ 4.3090e-02,  5.2475e-04, -4.4244e-01,  ..., -4.6295e-01,
           1.1285e+00,  8.8485e-01],
         [-1.4384e+00, -2.6619e-01,  1.2070e+00,  ...,  1.0247e+00,
          -1.3300e+00,  7.2003e-01],
         ...,
         [-7.3416e-01,  1.3768e+00,  1.9693e+00,  ...,  2.9820e-01,
           5.8996e-01,  1.0796e+00],
         [ 7.0067e-02,  3.4697e-01,  5.7809e-01,  ...,  4.2629e-01,
          -1.0181e+00,  6.6823e-01],
         [-9.5083e-01,  6.3384e-02, -1.6513e+00,  ...,  4.4532e-01,
          -2.3774e-01,  4.9206e-01]],

        [[-1.0675e+00,  4.8805e-02,  1.5199e+00,  ...,  6.4023e-01,
           1.1542e+00,  8.4304e-01],
         [-7.3333e-01,  4.8984e-01,  5.0410e-01,  ..., -3.0384e-01,
           1.8105e-01,  5.4638e-01],
         [-5.5318e-01, -5.0802e-01, -6.5116e-01,  ..., -6.6725e-01,
          -1.7432e+00, -3.2529e-01],
         ...,
         [-4.6800e-01, -4.1887e-02,  1.2551e+00,  ...,  3.1256e-01,
           4.3557e-01,  9.2584e-02],
         [ 9.8438e-01,  1.0940e+00,  3.1210e-02,  ...,  4.0959e-04,
          -1.2150e+00,  5.9741e-01],
         [-2.4850e+00, -5.4235e-01,  9.5781e-01,  ...,  2.0302e+00,
          -1.0860e+00,  9.2045e-01]]], device='cuda:0'),)
sequence output shape torch.Size([32, 512, 1024])
end_max: 5142329856
end_now 3006380544
batch_time_list [1.3143119812011719, 1.1890811920166016]
The total time cost is: 14.603282451629639s
